<?xml version="1.0" encoding="UTF-8"?>
<testng-results ignored="0" total="2" passed="2" failed="0" skipped="0">
  <reporter-output>
  </reporter-output>
  <suite started-at="2024-05-30T23:06:40 IST" name="All Test Suite" finished-at="2024-05-30T23:08:22 IST" duration-ms="101630">
    <groups>
    </groups>
    <test started-at="2024-05-30T23:06:40 IST" name="D:/local E/Learnings/Mobile Automation/AppiumMobileProject" finished-at="2024-05-30T23:08:22 IST" duration-ms="101630">
      <class name="test.EcommerceTest">
        <test-method is-config="true" signature="setUpAppium()[pri:0, instance:test.EcommerceTest@6af9fcb2]" started-at="2024-05-30T23:06:40 IST" name="setUpAppium" finished-at="2024-05-30T23:07:02 IST" duration-ms="21556" status="PASS">
          <reporter-output>
          </reporter-output>
        </test-method> <!-- setUpAppium -->
        <test-method is-config="true" signature="setHomePage()[pri:0, instance:test.EcommerceTest@6af9fcb2]" started-at="2024-05-30T23:07:02 IST" name="setHomePage" finished-at="2024-05-30T23:07:07 IST" duration-ms="5085" status="PASS">
          <reporter-output>
          </reporter-output>
        </test-method> <!-- setHomePage -->
        <test-method signature="FillFormPositiveFlow(java.util.HashMap)[pri:0, instance:test.EcommerceTest@6af9fcb2]" started-at="2024-05-30T23:07:07 IST" name="FillFormPositiveFlow" data-provider="getData" finished-at="2024-05-30T23:07:43 IST" duration-ms="35521" status="PASS">
          <params>
            <param index="0">
              <value>
                <![CDATA[{name=Sumesh, country=Bahrain, gender=female}]]>
              </value>
            </param>
          </params>
          <reporter-output>
          </reporter-output>
        </test-method> <!-- FillFormPositiveFlow -->
        <test-method is-config="true" signature="setHomePage()[pri:0, instance:test.EcommerceTest@6af9fcb2]" started-at="2024-05-30T23:07:43 IST" name="setHomePage" finished-at="2024-05-30T23:07:48 IST" duration-ms="5096" status="PASS">
          <reporter-output>
          </reporter-output>
        </test-method> <!-- setHomePage -->
        <test-method signature="FillFormPositiveFlow(java.util.HashMap)[pri:0, instance:test.EcommerceTest@6af9fcb2]" started-at="2024-05-30T23:07:48 IST" name="FillFormPositiveFlow" data-provider="getData" finished-at="2024-05-30T23:08:21 IST" duration-ms="33813" status="PASS">
          <params>
            <param index="0">
              <value>
                <![CDATA[{name=Ahana, country=Bahrain, gender=female}]]>
              </value>
            </param>
          </params>
          <reporter-output>
          </reporter-output>
        </test-method> <!-- FillFormPositiveFlow -->
        <test-method is-config="true" signature="tearDownAppium()[pri:0, instance:test.EcommerceTest@6af9fcb2]" started-at="2024-05-30T23:08:21 IST" name="tearDownAppium" finished-at="2024-05-30T23:08:22 IST" duration-ms="309" status="PASS">
          <reporter-output>
          </reporter-output>
        </test-method> <!-- tearDownAppium -->
      </class> <!-- test.EcommerceTest -->
    </test> <!-- D:/local E/Learnings/Mobile Automation/AppiumMobileProject -->
  </suite> <!-- All Test Suite -->
</testng-results>
